Copyright 1986-2019 Xilinx, Inc. All Rights Reserved.
--------------------------------------------------------------------------------------------------------------------------------------------------------------------------------------------------
| Tool Version : Vivado v.2019.2 (lin64) Build 2708876 Wed Nov  6 21:39:14 MST 2019
| Date         : Sat Feb 15 13:06:49 2020
| Host         : ubuntults-VirtualBox running 64-bit Ubuntu 18.04.4 LTS
| Command      : report_methodology -file NeuralNetworkOnBoard_methodology_drc_routed.rpt -pb NeuralNetworkOnBoard_methodology_drc_routed.pb -rpx NeuralNetworkOnBoard_methodology_drc_routed.rpx
| Design       : NeuralNetworkOnBoard
| Device       : xc7a50ticsg324-1L
| Speed File   : -1L
| Design State : Fully Routed
--------------------------------------------------------------------------------------------------------------------------------------------------------------------------------------------------

Report Methodology

Table of Contents
-----------------
1. REPORT SUMMARY
2. REPORT DETAILS

1. REPORT SUMMARY
-----------------
            Netlist: netlist
          Floorplan: design_1
      Design limits: <entire design considered>
             Max violations: <unlimited>
             Violations found: 18
+-----------+----------+-------------------+------------+
| Rule      | Severity | Description       | Violations |
+-----------+----------+-------------------+------------+
| SYNTH-10  | Warning  | Wide multiplier   | 15         |
| TIMING-20 | Warning  | Non-clocked latch | 3          |
+-----------+----------+-------------------+------------+

2. REPORT DETAILS
-----------------
SYNTH-10#1 Warning
Wide multiplier  
Detected multiplier at neuralNetworkComponent/OL/neurons0to9[0].n/multOp__0 of size 18x19, it is decomposed from a wide multipler into 3 DSP blocks.
Related violations: <none>

SYNTH-10#2 Warning
Wide multiplier  
Detected multiplier at neuralNetworkComponent/OL/neurons0to9[0].n/multOp__3 of size 18x19, it is decomposed from a wide multipler into 3 DSP blocks.
Related violations: <none>

SYNTH-10#3 Warning
Wide multiplier  
Detected multiplier at neuralNetworkComponent/OL/neurons0to9[0].n/multOp__6 of size 18x20, it is decomposed from a wide multipler into 3 DSP blocks.
Related violations: <none>

SYNTH-10#4 Warning
Wide multiplier  
Detected multiplier at neuralNetworkComponent/OL/neurons0to9[1].n/multOp__0 of size 18x19, it is decomposed from a wide multipler into 3 DSP blocks.
Related violations: <none>

SYNTH-10#5 Warning
Wide multiplier  
Detected multiplier at neuralNetworkComponent/OL/neurons0to9[1].n/multOp__3 of size 18x19, it is decomposed from a wide multipler into 3 DSP blocks.
Related violations: <none>

SYNTH-10#6 Warning
Wide multiplier  
Detected multiplier at neuralNetworkComponent/OL/neurons0to9[1].n/multOp__6 of size 18x19, it is decomposed from a wide multipler into 3 DSP blocks.
Related violations: <none>

SYNTH-10#7 Warning
Wide multiplier  
Detected multiplier at neuralNetworkComponent/OL/neurons0to9[2].n/multOp__0 of size 18x20, it is decomposed from a wide multipler into 3 DSP blocks.
Related violations: <none>

SYNTH-10#8 Warning
Wide multiplier  
Detected multiplier at neuralNetworkComponent/OL/neurons0to9[3].n/multOp__0 of size 18x20, it is decomposed from a wide multipler into 3 DSP blocks.
Related violations: <none>

SYNTH-10#9 Warning
Wide multiplier  
Detected multiplier at neuralNetworkComponent/OL/neurons0to9[4].n/multOp__0 of size 18x20, it is decomposed from a wide multipler into 3 DSP blocks.
Related violations: <none>

SYNTH-10#10 Warning
Wide multiplier  
Detected multiplier at neuralNetworkComponent/OL/neurons0to9[4].n/multOp__3 of size 18x20, it is decomposed from a wide multipler into 3 DSP blocks.
Related violations: <none>

SYNTH-10#11 Warning
Wide multiplier  
Detected multiplier at neuralNetworkComponent/OL/neurons0to9[5].n/multOp__0 of size 18x19, it is decomposed from a wide multipler into 3 DSP blocks.
Related violations: <none>

SYNTH-10#12 Warning
Wide multiplier  
Detected multiplier at neuralNetworkComponent/OL/neurons0to9[5].n/multOp__3 of size 18x19, it is decomposed from a wide multipler into 3 DSP blocks.
Related violations: <none>

SYNTH-10#13 Warning
Wide multiplier  
Detected multiplier at neuralNetworkComponent/OL/neurons0to9[6].n/multOp__0 of size 18x19, it is decomposed from a wide multipler into 3 DSP blocks.
Related violations: <none>

SYNTH-10#14 Warning
Wide multiplier  
Detected multiplier at neuralNetworkComponent/OL/neurons0to9[6].n/multOp__3 of size 18x19, it is decomposed from a wide multipler into 3 DSP blocks.
Related violations: <none>

SYNTH-10#15 Warning
Wide multiplier  
Detected multiplier at neuralNetworkComponent/OL/neurons0to9[6].n/multOp__6 of size 18x20, it is decomposed from a wide multipler into 3 DSP blocks.
Related violations: <none>

TIMING-20#1 Warning
Non-clocked latch  
The latch maxComponent/currentMaxIndex_reg[0] cannot be properly analyzed as its control pin maxComponent/currentMaxIndex_reg[0]/G is not reached by a timing clock
Related violations: <none>

TIMING-20#2 Warning
Non-clocked latch  
The latch maxComponent/currentMaxIndex_reg[1] cannot be properly analyzed as its control pin maxComponent/currentMaxIndex_reg[1]/G is not reached by a timing clock
Related violations: <none>

TIMING-20#3 Warning
Non-clocked latch  
The latch maxComponent/currentMaxIndex_reg[2] cannot be properly analyzed as its control pin maxComponent/currentMaxIndex_reg[2]/G is not reached by a timing clock
Related violations: <none>


