#-----------------------------------------------------------
# Vivado v2019.2 (64-bit)
# SW Build 2708876 on Wed Nov  6 21:40:23 MST 2019
# IP Build 2700528 on Thu Nov  7 00:09:20 MST 2019
# Start of session at: Thu Feb 13 22:53:37 2020
# Process ID: 3848
# Current directory: C:/Users/dario/Desktop/ASE/Esercizio13_ReteNeurale
# Command line: vivado.exe -gui_launcher_event rodinguilauncherevent1524 C:\Users\dario\Desktop\ASE\Esercizio13_ReteNeurale\Esercizio13_ReteNeurale.xpr
# Log file: C:/Users/dario/Desktop/ASE/Esercizio13_ReteNeurale/vivado.log
# Journal file: C:/Users/dario/Desktop/ASE/Esercizio13_ReteNeurale\vivado.jou
#-----------------------------------------------------------
start_gui
open_project C:/Users/dario/Desktop/ASE/Esercizio13_ReteNeurale/Esercizio13_ReteNeurale.xpr
INFO: [Project 1-313] Project file moved from 'C:/Users/alfon/Desktop/Esercizi elaborato/Esercizio13_ReteNeurale' since last save.
Scanning sources...
Finished scanning sources
INFO: [IP_Flow 19-234] Refreshing IP repositories
INFO: [IP_Flow 19-1704] No user IP repositories specified
INFO: [IP_Flow 19-2313] Loaded Vivado IP repository 'C:/Xilinx/Vivado/2019.2/data/ip'.
open_project: Time (s): cpu = 00:00:14 ; elapsed = 00:00:10 . Memory (MB): peak = 885.766 ; gain = 251.348
update_compile_order -fileset sources_1
add_files -norecurse -scan_for_includes C:/Users/dario/Downloads/MicroROM.vhd
update_compile_order -fileset sources_1
add_files -norecurse -scan_for_includes C:/Users/dario/Desktop/defs.vhd
update_compile_order -fileset sources_1
export_ip_user_files -of_objects  [get_files C:/Users/dario/Desktop/ASE/Esercizio13_ReteNeurale/Esercizio13_ReteNeurale.srcs/sources_1/imports/sources_1/imports/Desktop/defs.vhd] -no_script -reset -force -quiet
remove_files  C:/Users/dario/Desktop/ASE/Esercizio13_ReteNeurale/Esercizio13_ReteNeurale.srcs/sources_1/imports/sources_1/imports/Desktop/defs.vhd
file mkdir C:/Users/dario/Desktop/ASE/Esercizio13_ReteNeurale/Esercizio13_ReteNeurale.srcs/sources_1/new
close [ open C:/Users/dario/Desktop/ASE/Esercizio13_ReteNeurale/Esercizio13_ReteNeurale.srcs/sources_1/new/ControlUnit.vhd w ]
add_files C:/Users/dario/Desktop/ASE/Esercizio13_ReteNeurale/Esercizio13_ReteNeurale.srcs/sources_1/new/ControlUnit.vhd
update_compile_order -fileset sources_1
WARNING: [filemgmt 56-199] Attempt to get parsing info during refresh. "On-the-fly" syntax checking information may be incorrect. [C:\Users\dario\Desktop\ASE\Esercizio13_ReteNeurale\Esercizio13_ReteNeurale.srcs\sources_1\imports\sources_1\imports\Telegram Desktop\OutputLayerNeuron.vhd:]
WARNING: [filemgmt 56-199] Attempt to get parsing info during refresh. "On-the-fly" syntax checking information may be incorrect. [C:\Users\dario\Desktop\ASE\Esercizio13_ReteNeurale\Esercizio13_ReteNeurale.srcs\sources_1\imports\sources_1\imports\Desktop\defs.vhd:]
WARNING: [filemgmt 56-199] Attempt to get parsing info during refresh. "On-the-fly" syntax checking information may be incorrect. [C:\Users\dario\Desktop\ASE\Esercizio13_ReteNeurale\Esercizio13_ReteNeurale.srcs\sources_1\new\ControlUnit.vhd:]
WARNING: [filemgmt 56-199] Attempt to get parsing info during refresh. "On-the-fly" syntax checking information may be incorrect. [C:\Users\dario\Desktop\ASE\Esercizio13_ReteNeurale\Esercizio13_ReteNeurale.srcs\sources_1\imports\sources_1\new\OutputLayer.vhd:]
WARNING: [filemgmt 56-199] Attempt to get parsing info during refresh. "On-the-fly" syntax checking information may be incorrect. [C:\Users\dario\Desktop\ASE\Esercizio13_ReteNeurale\Esercizio13_ReteNeurale.srcs\sources_1\imports\sources_1\new\tb2.vhd:]
WARNING: [filemgmt 56-199] Attempt to get parsing info during refresh. "On-the-fly" syntax checking information may be incorrect. [C:\Users\dario\Downloads\MicroROM.vhd:]
WARNING: [filemgmt 56-199] Attempt to get parsing info during refresh. "On-the-fly" syntax checking information may be incorrect. [C:\Users\dario\Desktop\defs.vhd:]
WARNING: [filemgmt 56-199] Attempt to get parsing info during refresh. "On-the-fly" syntax checking information may be incorrect. [C:\Users\dario\Desktop\ASE\Esercizio13_ReteNeurale\Esercizio13_ReteNeurale.srcs\sources_1\imports\sources_1\new\HiddenLayer.vhd:]
ERROR: [Common 17-180] Spawn failed: No error
WARNING: [filemgmt 56-199] Attempt to get parsing info during refresh. "On-the-fly" syntax checking information may be incorrect. [C:\Users\dario\Desktop\ASE\Esercizio13_ReteNeurale\Esercizio13_ReteNeurale.srcs\sources_1\imports\sources_1\imports\Telegram Desktop\OutputLayerNeuron.vhd:]
WARNING: [filemgmt 56-199] Attempt to get parsing info during refresh. "On-the-fly" syntax checking information may be incorrect. [C:\Users\dario\Desktop\ASE\Esercizio13_ReteNeurale\Esercizio13_ReteNeurale.srcs\sources_1\imports\sources_1\imports\Desktop\defs.vhd:]
WARNING: [filemgmt 56-199] Attempt to get parsing info during refresh. "On-the-fly" syntax checking information may be incorrect. [C:\Users\dario\Desktop\ASE\Esercizio13_ReteNeurale\Esercizio13_ReteNeurale.srcs\sources_1\new\ControlUnit.vhd:]
WARNING: [filemgmt 56-199] Attempt to get parsing info during refresh. "On-the-fly" syntax checking information may be incorrect. [C:\Users\dario\Desktop\ASE\Esercizio13_ReteNeurale\Esercizio13_ReteNeurale.srcs\sources_1\imports\sources_1\new\OutputLayer.vhd:]
WARNING: [filemgmt 56-199] Attempt to get parsing info during refresh. "On-the-fly" syntax checking information may be incorrect. [C:\Users\dario\Desktop\ASE\Esercizio13_ReteNeurale\Esercizio13_ReteNeurale.srcs\sources_1\imports\sources_1\new\tb2.vhd:]
WARNING: [filemgmt 56-199] Attempt to get parsing info during refresh. "On-the-fly" syntax checking information may be incorrect. [C:\Users\dario\Downloads\MicroROM.vhd:]
WARNING: [filemgmt 56-199] Attempt to get parsing info during refresh. "On-the-fly" syntax checking information may be incorrect. [C:\Users\dario\Desktop\defs.vhd:]
WARNING: [filemgmt 56-199] Attempt to get parsing info during refresh. "On-the-fly" syntax checking information may be incorrect. [C:\Users\dario\Desktop\ASE\Esercizio13_ReteNeurale\Esercizio13_ReteNeurale.srcs\sources_1\imports\sources_1\new\HiddenLayer.vhd:]
ERROR: [Common 17-180] Spawn failed: No error
WARNING: [filemgmt 56-199] Attempt to get parsing info during refresh. "On-the-fly" syntax checking information may be incorrect. [C:\Users\dario\Desktop\ASE\Esercizio13_ReteNeurale\Esercizio13_ReteNeurale.srcs\sources_1\imports\sources_1\imports\Telegram Desktop\OutputLayerNeuron.vhd:]
WARNING: [filemgmt 56-199] Attempt to get parsing info during refresh. "On-the-fly" syntax checking information may be incorrect. [C:\Users\dario\Desktop\ASE\Esercizio13_ReteNeurale\Esercizio13_ReteNeurale.srcs\sources_1\imports\sources_1\imports\Desktop\defs.vhd:]
WARNING: [filemgmt 56-199] Attempt to get parsing info during refresh. "On-the-fly" syntax checking information may be incorrect. [C:\Users\dario\Desktop\ASE\Esercizio13_ReteNeurale\Esercizio13_ReteNeurale.srcs\sources_1\new\ControlUnit.vhd:]
WARNING: [filemgmt 56-199] Attempt to get parsing info during refresh. "On-the-fly" syntax checking information may be incorrect. [C:\Users\dario\Desktop\ASE\Esercizio13_ReteNeurale\Esercizio13_ReteNeurale.srcs\sources_1\imports\sources_1\new\OutputLayer.vhd:]
WARNING: [filemgmt 56-199] Attempt to get parsing info during refresh. "On-the-fly" syntax checking information may be incorrect. [C:\Users\dario\Desktop\ASE\Esercizio13_ReteNeurale\Esercizio13_ReteNeurale.srcs\sources_1\imports\sources_1\new\tb2.vhd:]
WARNING: [filemgmt 56-199] Attempt to get parsing info during refresh. "On-the-fly" syntax checking information may be incorrect. [C:\Users\dario\Downloads\MicroROM.vhd:]
WARNING: [filemgmt 56-199] Attempt to get parsing info during refresh. "On-the-fly" syntax checking information may be incorrect. [C:\Users\dario\Desktop\defs.vhd:]
WARNING: [filemgmt 56-199] Attempt to get parsing info during refresh. "On-the-fly" syntax checking information may be incorrect. [C:\Users\dario\Desktop\ASE\Esercizio13_ReteNeurale\Esercizio13_ReteNeurale.srcs\sources_1\imports\sources_1\new\HiddenLayer.vhd:]
ERROR: [Common 17-180] Spawn failed: No error
WARNING: [filemgmt 56-199] Attempt to get parsing info during refresh. "On-the-fly" syntax checking information may be incorrect. [C:\Users\dario\Desktop\ASE\Esercizio13_ReteNeurale\Esercizio13_ReteNeurale.srcs\sources_1\imports\sources_1\imports\Telegram Desktop\OutputLayerNeuron.vhd:]
WARNING: [filemgmt 56-199] Attempt to get parsing info during refresh. "On-the-fly" syntax checking information may be incorrect. [C:\Users\dario\Desktop\ASE\Esercizio13_ReteNeurale\Esercizio13_ReteNeurale.srcs\sources_1\imports\sources_1\imports\Desktop\defs.vhd:]
WARNING: [filemgmt 56-199] Attempt to get parsing info during refresh. "On-the-fly" syntax checking information may be incorrect. [C:\Users\dario\Desktop\ASE\Esercizio13_ReteNeurale\Esercizio13_ReteNeurale.srcs\sources_1\new\ControlUnit.vhd:]
WARNING: [filemgmt 56-199] Attempt to get parsing info during refresh. "On-the-fly" syntax checking information may be incorrect. [C:\Users\dario\Desktop\ASE\Esercizio13_ReteNeurale\Esercizio13_ReteNeurale.srcs\sources_1\imports\sources_1\new\OutputLayer.vhd:]
WARNING: [filemgmt 56-199] Attempt to get parsing info during refresh. "On-the-fly" syntax checking information may be incorrect. [C:\Users\dario\Desktop\ASE\Esercizio13_ReteNeurale\Esercizio13_ReteNeurale.srcs\sources_1\imports\sources_1\new\tb2.vhd:]
WARNING: [filemgmt 56-199] Attempt to get parsing info during refresh. "On-the-fly" syntax checking information may be incorrect. [C:\Users\dario\Downloads\MicroROM.vhd:]
WARNING: [filemgmt 56-199] Attempt to get parsing info during refresh. "On-the-fly" syntax checking information may be incorrect. [C:\Users\dario\Desktop\defs.vhd:]
WARNING: [filemgmt 56-199] Attempt to get parsing info during refresh. "On-the-fly" syntax checking information may be incorrect. [C:\Users\dario\Desktop\ASE\Esercizio13_ReteNeurale\Esercizio13_ReteNeurale.srcs\sources_1\imports\sources_1\new\HiddenLayer.vhd:]
WARNING: [filemgmt 56-199] Attempt to get parsing info during refresh. "On-the-fly" syntax checking information may be incorrect. [C:\Users\dario\Desktop\ASE\Esercizio13_ReteNeurale\Esercizio13_ReteNeurale.srcs\sources_1\imports\sources_1\imports\Telegram Desktop\OutputLayerNeuron.vhd:]
WARNING: [filemgmt 56-199] Attempt to get parsing info during refresh. "On-the-fly" syntax checking information may be incorrect. [C:\Users\dario\Desktop\ASE\Esercizio13_ReteNeurale\Esercizio13_ReteNeurale.srcs\sources_1\imports\sources_1\imports\Desktop\defs.vhd:]
WARNING: [filemgmt 56-199] Attempt to get parsing info during refresh. "On-the-fly" syntax checking information may be incorrect. [C:\Users\dario\Desktop\ASE\Esercizio13_ReteNeurale\Esercizio13_ReteNeurale.srcs\sources_1\new\ControlUnit.vhd:]
WARNING: [filemgmt 56-199] Attempt to get parsing info during refresh. "On-the-fly" syntax checking information may be incorrect. [C:\Users\dario\Desktop\ASE\Esercizio13_ReteNeurale\Esercizio13_ReteNeurale.srcs\sources_1\imports\sources_1\new\OutputLayer.vhd:]
WARNING: [filemgmt 56-199] Attempt to get parsing info during refresh. "On-the-fly" syntax checking information may be incorrect. [C:\Users\dario\Desktop\ASE\Esercizio13_ReteNeurale\Esercizio13_ReteNeurale.srcs\sources_1\imports\sources_1\new\tb2.vhd:]
WARNING: [filemgmt 56-199] Attempt to get parsing info during refresh. "On-the-fly" syntax checking information may be incorrect. [C:\Users\dario\Downloads\MicroROM.vhd:]
WARNING: [filemgmt 56-199] Attempt to get parsing info during refresh. "On-the-fly" syntax checking information may be incorrect. [C:\Users\dario\Desktop\defs.vhd:]
WARNING: [filemgmt 56-199] Attempt to get parsing info during refresh. "On-the-fly" syntax checking information may be incorrect. [C:\Users\dario\Desktop\ASE\Esercizio13_ReteNeurale\Esercizio13_ReteNeurale.srcs\sources_1\imports\sources_1\new\HiddenLayer.vhd:]
ERROR: [Common 17-180] Spawn failed: No error
WARNING: [filemgmt 56-199] Attempt to get parsing info during refresh. "On-the-fly" syntax checking information may be incorrect. [C:\Users\dario\Desktop\ASE\Esercizio13_ReteNeurale\Esercizio13_ReteNeurale.srcs\sources_1\imports\sources_1\imports\Telegram Desktop\OutputLayerNeuron.vhd:]
WARNING: [filemgmt 56-199] Attempt to get parsing info during refresh. "On-the-fly" syntax checking information may be incorrect. [C:\Users\dario\Desktop\ASE\Esercizio13_ReteNeurale\Esercizio13_ReteNeurale.srcs\sources_1\imports\sources_1\imports\Desktop\defs.vhd:]
WARNING: [filemgmt 56-199] Attempt to get parsing info during refresh. "On-the-fly" syntax checking information may be incorrect. [C:\Users\dario\Desktop\ASE\Esercizio13_ReteNeurale\Esercizio13_ReteNeurale.srcs\sources_1\new\ControlUnit.vhd:]
WARNING: [filemgmt 56-199] Attempt to get parsing info during refresh. "On-the-fly" syntax checking information may be incorrect. [C:\Users\dario\Desktop\ASE\Esercizio13_ReteNeurale\Esercizio13_ReteNeurale.srcs\sources_1\imports\sources_1\new\OutputLayer.vhd:]
WARNING: [filemgmt 56-199] Attempt to get parsing info during refresh. "On-the-fly" syntax checking information may be incorrect. [C:\Users\dario\Desktop\ASE\Esercizio13_ReteNeurale\Esercizio13_ReteNeurale.srcs\sources_1\imports\sources_1\new\tb2.vhd:]
WARNING: [filemgmt 56-199] Attempt to get parsing info during refresh. "On-the-fly" syntax checking information may be incorrect. [C:\Users\dario\Downloads\MicroROM.vhd:]
WARNING: [filemgmt 56-199] Attempt to get parsing info during refresh. "On-the-fly" syntax checking information may be incorrect. [C:\Users\dario\Desktop\defs.vhd:]
WARNING: [filemgmt 56-199] Attempt to get parsing info during refresh. "On-the-fly" syntax checking information may be incorrect. [C:\Users\dario\Desktop\ASE\Esercizio13_ReteNeurale\Esercizio13_ReteNeurale.srcs\sources_1\imports\sources_1\new\HiddenLayer.vhd:]
ERROR: [Common 17-180] Spawn failed: No error
WARNING: [filemgmt 56-199] Attempt to get parsing info during refresh. "On-the-fly" syntax checking information may be incorrect. [C:\Users\dario\Desktop\ASE\Esercizio13_ReteNeurale\Esercizio13_ReteNeurale.srcs\sources_1\imports\sources_1\imports\Telegram Desktop\OutputLayerNeuron.vhd:]
WARNING: [filemgmt 56-199] Attempt to get parsing info during refresh. "On-the-fly" syntax checking information may be incorrect. [C:\Users\dario\Desktop\ASE\Esercizio13_ReteNeurale\Esercizio13_ReteNeurale.srcs\sources_1\imports\sources_1\imports\Desktop\defs.vhd:]
WARNING: [filemgmt 56-199] Attempt to get parsing info during refresh. "On-the-fly" syntax checking information may be incorrect. [C:\Users\dario\Desktop\ASE\Esercizio13_ReteNeurale\Esercizio13_ReteNeurale.srcs\sources_1\new\ControlUnit.vhd:]
WARNING: [filemgmt 56-199] Attempt to get parsing info during refresh. "On-the-fly" syntax checking information may be incorrect. [C:\Users\dario\Desktop\ASE\Esercizio13_ReteNeurale\Esercizio13_ReteNeurale.srcs\sources_1\imports\sources_1\new\OutputLayer.vhd:]
WARNING: [filemgmt 56-199] Attempt to get parsing info during refresh. "On-the-fly" syntax checking information may be incorrect. [C:\Users\dario\Desktop\ASE\Esercizio13_ReteNeurale\Esercizio13_ReteNeurale.srcs\sources_1\imports\sources_1\new\tb2.vhd:]
WARNING: [filemgmt 56-199] Attempt to get parsing info during refresh. "On-the-fly" syntax checking information may be incorrect. [C:\Users\dario\Downloads\MicroROM.vhd:]
WARNING: [filemgmt 56-199] Attempt to get parsing info during refresh. "On-the-fly" syntax checking information may be incorrect. [C:\Users\dario\Desktop\defs.vhd:]
WARNING: [filemgmt 56-199] Attempt to get parsing info during refresh. "On-the-fly" syntax checking information may be incorrect. [C:\Users\dario\Desktop\ASE\Esercizio13_ReteNeurale\Esercizio13_ReteNeurale.srcs\sources_1\imports\sources_1\new\HiddenLayer.vhd:]
ERROR: [Common 17-180] Spawn failed: No error
WARNING: [filemgmt 56-199] Attempt to get parsing info during refresh. "On-the-fly" syntax checking information may be incorrect. [C:\Users\dario\Desktop\ASE\Esercizio13_ReteNeurale\Esercizio13_ReteNeurale.srcs\sources_1\imports\sources_1\imports\Telegram Desktop\OutputLayerNeuron.vhd:]
WARNING: [filemgmt 56-199] Attempt to get parsing info during refresh. "On-the-fly" syntax checking information may be incorrect. [C:\Users\dario\Desktop\ASE\Esercizio13_ReteNeurale\Esercizio13_ReteNeurale.srcs\sources_1\imports\sources_1\imports\Desktop\defs.vhd:]
WARNING: [filemgmt 56-199] Attempt to get parsing info during refresh. "On-the-fly" syntax checking information may be incorrect. [C:\Users\dario\Desktop\ASE\Esercizio13_ReteNeurale\Esercizio13_ReteNeurale.srcs\sources_1\new\ControlUnit.vhd:]
WARNING: [filemgmt 56-199] Attempt to get parsing info during refresh. "On-the-fly" syntax checking information may be incorrect. [C:\Users\dario\Desktop\ASE\Esercizio13_ReteNeurale\Esercizio13_ReteNeurale.srcs\sources_1\imports\sources_1\new\OutputLayer.vhd:]
WARNING: [filemgmt 56-199] Attempt to get parsing info during refresh. "On-the-fly" syntax checking information may be incorrect. [C:\Users\dario\Desktop\ASE\Esercizio13_ReteNeurale\Esercizio13_ReteNeurale.srcs\sources_1\imports\sources_1\new\tb2.vhd:]
WARNING: [filemgmt 56-199] Attempt to get parsing info during refresh. "On-the-fly" syntax checking information may be incorrect. [C:\Users\dario\Downloads\MicroROM.vhd:]
WARNING: [filemgmt 56-199] Attempt to get parsing info during refresh. "On-the-fly" syntax checking information may be incorrect. [C:\Users\dario\Desktop\defs.vhd:]
WARNING: [filemgmt 56-199] Attempt to get parsing info during refresh. "On-the-fly" syntax checking information may be incorrect. [C:\Users\dario\Desktop\ASE\Esercizio13_ReteNeurale\Esercizio13_ReteNeurale.srcs\sources_1\imports\sources_1\new\HiddenLayer.vhd:]
ERROR: [Common 17-180] Spawn failed: No error
WARNING: [filemgmt 56-199] Attempt to get parsing info during refresh. "On-the-fly" syntax checking information may be incorrect. [C:\Users\dario\Desktop\ASE\Esercizio13_ReteNeurale\Esercizio13_ReteNeurale.srcs\sources_1\imports\sources_1\imports\Telegram Desktop\OutputLayerNeuron.vhd:]
WARNING: [filemgmt 56-199] Attempt to get parsing info during refresh. "On-the-fly" syntax checking information may be incorrect. [C:\Users\dario\Desktop\ASE\Esercizio13_ReteNeurale\Esercizio13_ReteNeurale.srcs\sources_1\imports\sources_1\imports\Desktop\defs.vhd:]
WARNING: [filemgmt 56-199] Attempt to get parsing info during refresh. "On-the-fly" syntax checking information may be incorrect. [C:\Users\dario\Desktop\ASE\Esercizio13_ReteNeurale\Esercizio13_ReteNeurale.srcs\sources_1\new\ControlUnit.vhd:]
WARNING: [filemgmt 56-199] Attempt to get parsing info during refresh. "On-the-fly" syntax checking information may be incorrect. [C:\Users\dario\Desktop\ASE\Esercizio13_ReteNeurale\Esercizio13_ReteNeurale.srcs\sources_1\imports\sources_1\new\OutputLayer.vhd:]
WARNING: [filemgmt 56-199] Attempt to get parsing info during refresh. "On-the-fly" syntax checking information may be incorrect. [C:\Users\dario\Desktop\ASE\Esercizio13_ReteNeurale\Esercizio13_ReteNeurale.srcs\sources_1\imports\sources_1\new\tb2.vhd:]
WARNING: [filemgmt 56-199] Attempt to get parsing info during refresh. "On-the-fly" syntax checking information may be incorrect. [C:\Users\dario\Downloads\MicroROM.vhd:]
WARNING: [filemgmt 56-199] Attempt to get parsing info during refresh. "On-the-fly" syntax checking information may be incorrect. [C:\Users\dario\Desktop\defs.vhd:]
WARNING: [filemgmt 56-199] Attempt to get parsing info during refresh. "On-the-fly" syntax checking information may be incorrect. [C:\Users\dario\Desktop\ASE\Esercizio13_ReteNeurale\Esercizio13_ReteNeurale.srcs\sources_1\imports\sources_1\new\HiddenLayer.vhd:]
ERROR: [Common 17-180] Spawn failed: No error
WARNING: [filemgmt 56-199] Attempt to get parsing info during refresh. "On-the-fly" syntax checking information may be incorrect. [C:\Users\dario\Desktop\ASE\Esercizio13_ReteNeurale\Esercizio13_ReteNeurale.srcs\sources_1\imports\sources_1\imports\Telegram Desktop\OutputLayerNeuron.vhd:]
WARNING: [filemgmt 56-199] Attempt to get parsing info during refresh. "On-the-fly" syntax checking information may be incorrect. [C:\Users\dario\Desktop\ASE\Esercizio13_ReteNeurale\Esercizio13_ReteNeurale.srcs\sources_1\imports\sources_1\imports\Desktop\defs.vhd:]
WARNING: [filemgmt 56-199] Attempt to get parsing info during refresh. "On-the-fly" syntax checking information may be incorrect. [C:\Users\dario\Desktop\ASE\Esercizio13_ReteNeurale\Esercizio13_ReteNeurale.srcs\sources_1\new\ControlUnit.vhd:]
WARNING: [filemgmt 56-199] Attempt to get parsing info during refresh. "On-the-fly" syntax checking information may be incorrect. [C:\Users\dario\Desktop\ASE\Esercizio13_ReteNeurale\Esercizio13_ReteNeurale.srcs\sources_1\imports\sources_1\new\OutputLayer.vhd:]
WARNING: [filemgmt 56-199] Attempt to get parsing info during refresh. "On-the-fly" syntax checking information may be incorrect. [C:\Users\dario\Desktop\ASE\Esercizio13_ReteNeurale\Esercizio13_ReteNeurale.srcs\sources_1\imports\sources_1\new\tb2.vhd:]
WARNING: [filemgmt 56-199] Attempt to get parsing info during refresh. "On-the-fly" syntax checking information may be incorrect. [C:\Users\dario\Downloads\MicroROM.vhd:]
WARNING: [filemgmt 56-199] Attempt to get parsing info during refresh. "On-the-fly" syntax checking information may be incorrect. [C:\Users\dario\Desktop\defs.vhd:]
WARNING: [filemgmt 56-199] Attempt to get parsing info during refresh. "On-the-fly" syntax checking information may be incorrect. [C:\Users\dario\Desktop\ASE\Esercizio13_ReteNeurale\Esercizio13_ReteNeurale.srcs\sources_1\imports\sources_1\new\HiddenLayer.vhd:]
ERROR: [Common 17-180] Spawn failed: No error
WARNING: [filemgmt 56-199] Attempt to get parsing info during refresh. "On-the-fly" syntax checking information may be incorrect. [C:\Users\dario\Desktop\ASE\Esercizio13_ReteNeurale\Esercizio13_ReteNeurale.srcs\sources_1\imports\sources_1\imports\Telegram Desktop\OutputLayerNeuron.vhd:]
WARNING: [filemgmt 56-199] Attempt to get parsing info during refresh. "On-the-fly" syntax checking information may be incorrect. [C:\Users\dario\Desktop\ASE\Esercizio13_ReteNeurale\Esercizio13_ReteNeurale.srcs\sources_1\imports\sources_1\imports\Desktop\defs.vhd:]
WARNING: [filemgmt 56-199] Attempt to get parsing info during refresh. "On-the-fly" syntax checking information may be incorrect. [C:\Users\dario\Desktop\ASE\Esercizio13_ReteNeurale\Esercizio13_ReteNeurale.srcs\sources_1\new\ControlUnit.vhd:]
WARNING: [filemgmt 56-199] Attempt to get parsing info during refresh. "On-the-fly" syntax checking information may be incorrect. [C:\Users\dario\Desktop\ASE\Esercizio13_ReteNeurale\Esercizio13_ReteNeurale.srcs\sources_1\imports\sources_1\new\OutputLayer.vhd:]
WARNING: [filemgmt 56-199] Attempt to get parsing info during refresh. "On-the-fly" syntax checking information may be incorrect. [C:\Users\dario\Desktop\ASE\Esercizio13_ReteNeurale\Esercizio13_ReteNeurale.srcs\sources_1\imports\sources_1\new\tb2.vhd:]
WARNING: [filemgmt 56-199] Attempt to get parsing info during refresh. "On-the-fly" syntax checking information may be incorrect. [C:\Users\dario\Downloads\MicroROM.vhd:]
WARNING: [filemgmt 56-199] Attempt to get parsing info during refresh. "On-the-fly" syntax checking information may be incorrect. [C:\Users\dario\Desktop\defs.vhd:]
WARNING: [filemgmt 56-199] Attempt to get parsing info during refresh. "On-the-fly" syntax checking information may be incorrect. [C:\Users\dario\Desktop\ASE\Esercizio13_ReteNeurale\Esercizio13_ReteNeurale.srcs\sources_1\imports\sources_1\new\HiddenLayer.vhd:]
ERROR: [Common 17-180] Spawn failed: No error
WARNING: [filemgmt 56-199] Attempt to get parsing info during refresh. "On-the-fly" syntax checking information may be incorrect. [C:\Users\dario\Desktop\ASE\Esercizio13_ReteNeurale\Esercizio13_ReteNeurale.srcs\sources_1\imports\sources_1\imports\Telegram Desktop\OutputLayerNeuron.vhd:]
WARNING: [filemgmt 56-199] Attempt to get parsing info during refresh. "On-the-fly" syntax checking information may be incorrect. [C:\Users\dario\Desktop\ASE\Esercizio13_ReteNeurale\Esercizio13_ReteNeurale.srcs\sources_1\imports\sources_1\imports\Desktop\defs.vhd:]
WARNING: [filemgmt 56-199] Attempt to get parsing info during refresh. "On-the-fly" syntax checking information may be incorrect. [C:\Users\dario\Desktop\ASE\Esercizio13_ReteNeurale\Esercizio13_ReteNeurale.srcs\sources_1\new\ControlUnit.vhd:]
WARNING: [filemgmt 56-199] Attempt to get parsing info during refresh. "On-the-fly" syntax checking information may be incorrect. [C:\Users\dario\Desktop\ASE\Esercizio13_ReteNeurale\Esercizio13_ReteNeurale.srcs\sources_1\imports\sources_1\new\OutputLayer.vhd:]
WARNING: [filemgmt 56-199] Attempt to get parsing info during refresh. "On-the-fly" syntax checking information may be incorrect. [C:\Users\dario\Desktop\ASE\Esercizio13_ReteNeurale\Esercizio13_ReteNeurale.srcs\sources_1\imports\sources_1\new\tb2.vhd:]
WARNING: [filemgmt 56-199] Attempt to get parsing info during refresh. "On-the-fly" syntax checking information may be incorrect. [C:\Users\dario\Downloads\MicroROM.vhd:]
WARNING: [filemgmt 56-199] Attempt to get parsing info during refresh. "On-the-fly" syntax checking information may be incorrect. [C:\Users\dario\Desktop\defs.vhd:]
WARNING: [filemgmt 56-199] Attempt to get parsing info during refresh. "On-the-fly" syntax checking information may be incorrect. [C:\Users\dario\Desktop\ASE\Esercizio13_ReteNeurale\Esercizio13_ReteNeurale.srcs\sources_1\imports\sources_1\new\HiddenLayer.vhd:]
ERROR: [Common 17-180] Spawn failed: No error
WARNING: [filemgmt 56-199] Attempt to get parsing info during refresh. "On-the-fly" syntax checking information may be incorrect. [C:\Users\dario\Desktop\ASE\Esercizio13_ReteNeurale\Esercizio13_ReteNeurale.srcs\sources_1\imports\sources_1\imports\Telegram Desktop\OutputLayerNeuron.vhd:]
WARNING: [filemgmt 56-199] Attempt to get parsing info during refresh. "On-the-fly" syntax checking information may be incorrect. [C:\Users\dario\Desktop\ASE\Esercizio13_ReteNeurale\Esercizio13_ReteNeurale.srcs\sources_1\imports\sources_1\imports\Desktop\defs.vhd:]
WARNING: [filemgmt 56-199] Attempt to get parsing info during refresh. "On-the-fly" syntax checking information may be incorrect. [C:\Users\dario\Desktop\ASE\Esercizio13_ReteNeurale\Esercizio13_ReteNeurale.srcs\sources_1\new\ControlUnit.vhd:]
WARNING: [filemgmt 56-199] Attempt to get parsing info during refresh. "On-the-fly" syntax checking information may be incorrect. [C:\Users\dario\Desktop\ASE\Esercizio13_ReteNeurale\Esercizio13_ReteNeurale.srcs\sources_1\imports\sources_1\new\OutputLayer.vhd:]
INFO: [Common 17-14] Message 'filemgmt 56-199' appears 100 times and further instances of the messages will be disabled. Use the Tcl command set_msg_config to change the current settings.
ERROR: [Common 17-180] Spawn failed: No error
exit
INFO: [Common 17-206] Exiting Vivado at Thu Feb 13 23:55:11 2020...
